<?xml version="1.0" encoding="UTF-8"?>
<testng-results ignored="0" total="2" passed="2" failed="0" skipped="0">
  <reporter-output>
  </reporter-output>
  <suite started-at="2024-04-14T22:32:03 IST" name="Suite" finished-at="2024-04-14T22:32:07 IST" duration-ms="4282">
    <groups>
    </groups>
    <test started-at="2024-04-14T22:32:03 IST" name="Test" finished-at="2024-04-14T22:32:07 IST" duration-ms="4282">
      <class name="basic.ParallelRun2">
        <test-method signature="LaunchBrowser()[pri:0, instance:basic.ParallelRun2@75504cef]" started-at="2024-04-14T22:32:03 IST" name="LaunchBrowser" finished-at="2024-04-14T22:32:05 IST" duration-ms="2096" status="PASS">
          <reporter-output>
          </reporter-output>
        </test-method> <!-- LaunchBrowser -->
      </class> <!-- basic.ParallelRun2 -->
      <class name="basic.ParallelRun1">
        <test-method signature="LaunchBrowser()[pri:0, instance:basic.ParallelRun1@894858]" started-at="2024-04-14T22:32:03 IST" name="LaunchBrowser" finished-at="2024-04-14T22:32:07 IST" duration-ms="4202" status="PASS">
          <reporter-output>
          </reporter-output>
        </test-method> <!-- LaunchBrowser -->
      </class> <!-- basic.ParallelRun1 -->
    </test> <!-- Test -->
  </suite> <!-- Suite -->
</testng-results>
